# JRE version: OpenJDK Runtime Environment (11.0.10) (build 11.0.10+0-b96-7249189)
# Java VM: OpenJDK 64-Bit Server VM (11.0.10+0-b96-7249189, mixed mode, tiered, compressed oops, g1 gc, windows-amd64)
Heap:
 garbage-first heap   total 155648K, used 112054K [0x00000000a0000000, 0x0000000100000000)
  region size 1024K, 30 young (30720K), 6 survivors (6144K)
 Metaspace       used 94752K, capacity 97553K, committed 97616K, reserved 1132544K
  class space    used 12682K, capacity 13758K, committed 13772K, reserved 1048576K
GC Heap History (20 events):
Event: 11.909 GC heap before
{Heap before GC invocations=24 (full 0):
 garbage-first heap   total 129024K, used 92930K [0x00000000a0000000, 0x0000000100000000)
  region size 1024K, 28 young (28672K), 3 survivors (3072K)
 Metaspace       used 77455K, capacity 79647K, committed 79824K, reserved 1118208K
  class space    used 10167K, capacity 11018K, committed 11084K, reserved 1048576K
}
Event: 11.912 GC heap after
{Heap after GC invocations=25 (full 0):
 garbage-first heap   total 129024K, used 66248K [0x00000000a0000000, 0x0000000100000000)
  region size 1024K, 3 young (3072K), 3 survivors (3072K)
 Metaspace       used 77455K, capacity 79647K, committed 79824K, reserved 1118208K
  class space    used 10167K, capacity 11018K, committed 11084K, reserved 1048576K
}
Event: 12.136 GC heap before
{Heap before GC invocations=25 (full 0):
 garbage-first heap   total 129024K, used 95944K [0x00000000a0000000, 0x0000000100000000)
  region size 1024K, 32 young (32768K), 3 survivors (3072K)
 Metaspace       used 78685K, capacity 80906K, committed 80976K, reserved 1120256K
  class space    used 10336K, capacity 11164K, committed 11212K, reserved 1048576K
}
Event: 12.144 GC heap after
{Heap after GC invocations=26 (full 0):
 garbage-first heap   total 129024K, used 68867K [0x00000000a0000000, 0x0000000100000000)
  region size 1024K, 4 young (4096K), 4 survivors (4096K)
 Metaspace       used 78685K, capacity 80906K, committed 80976K, reserved 1120256K
  class space    used 10336K, capacity 11164K, committed 11212K, reserved 1048576K
}
Event: 12.374 GC heap before
{Heap before GC invocations=27 (full 0):
 garbage-first heap   total 129024K, used 98563K [0x00000000a0000000, 0x0000000100000000)
  region size 1024K, 33 young (33792K), 4 survivors (4096K)
 Metaspace       used 79013K, capacity 81479K, committed 81616K, reserved 1120256K
  class space    used 10399K, capacity 11288K, committed 11340K, reserved 1048576K
}
Event: 12.380 GC heap after
{Heap after GC invocations=28 (full 0):
 garbage-first heap   total 129024K, used 70280K [0x00000000a0000000, 0x0000000100000000)
  region size 1024K, 4 young (4096K), 4 survivors (4096K)
 Metaspace       used 79013K, capacity 81479K, committed 81616K, reserved 1120256K
  class space    used 10399K, capacity 11288K, committed 11340K, reserved 1048576K
}
Event: 12.585 GC heap before
{Heap before GC invocations=28 (full 0):
 garbage-first heap   total 129024K, used 101000K [0x00000000a0000000, 0x0000000100000000)
  region size 1024K, 34 young (34816K), 4 survivors (4096K)
 Metaspace       used 79128K, capacity 81571K, committed 81616K, reserved 1120256K
  class space    used 10411K, capacity 11295K, committed 11340K, reserved 1048576K
}
Event: 12.593 GC heap after
{Heap after GC invocations=29 (full 0):
 garbage-first heap   total 129024K, used 71959K [0x00000000a0000000, 0x0000000100000000)
  region size 1024K, 4 young (4096K), 4 survivors (4096K)
 Metaspace       used 79128K, capacity 81571K, committed 81616K, reserved 1120256K
  class space    used 10411K, capacity 11295K, committed 11340K, reserved 1048576K
}
Event: 12.883 GC heap before
{Heap before GC invocations=30 (full 0):
 garbage-first heap   total 129024K, used 101655K [0x00000000a0000000, 0x0000000100000000)
  region size 1024K, 33 young (33792K), 4 survivors (4096K)
 Metaspace       used 79531K, capacity 82062K, committed 82256K, reserved 1120256K
  class space    used 10454K, capacity 11415K, committed 11468K, reserved 1048576K
}
Event: 12.887 GC heap after
{Heap after GC invocations=31 (full 0):
 garbage-first heap   total 129024K, used 74391K [0x00000000a0000000, 0x0000000100000000)
  region size 1024K, 4 young (4096K), 4 survivors (4096K)
 Metaspace       used 79531K, capacity 82062K, committed 82256K, reserved 1120256K
  class space    used 10454K, capacity 11415K, committed 11468K, reserved 1048576K
}
Event: 14.363 GC heap before
{Heap before GC invocations=31 (full 0):
 garbage-first heap   total 129024K, used 104087K [0x00000000a0000000, 0x0000000100000000)
  region size 1024K, 33 young (33792K), 4 survivors (4096K)
 Metaspace       used 82432K, capacity 84918K, committed 84944K, reserved 1122304K
  class space    used 10912K, capacity 11834K, committed 11852K, reserved 1048576K
}
Event: 14.369 GC heap after
{Heap after GC invocations=32 (full 0):
 garbage-first heap   total 155648K, used 76196K [0x00000000a0000000, 0x0000000100000000)
  region size 1024K, 5 young (5120K), 5 survivors (5120K)
 Metaspace       used 82432K, capacity 84918K, committed 84944K, reserved 1122304K
  class space    used 10912K, capacity 11834K, committed 11852K, reserved 1048576K
}
Event: 14.723 GC heap before
{Heap before GC invocations=33 (full 0):
 garbage-first heap   total 155648K, used 116132K [0x00000000a0000000, 0x0000000100000000)
  region size 1024K, 44 young (45056K), 5 survivors (5120K)
 Metaspace       used 85840K, capacity 88344K, committed 88656K, reserved 1126400K
  class space    used 11454K, capacity 12391K, committed 12492K, reserved 1048576K
}
Event: 14.728 GC heap after
{Heap after GC invocations=34 (full 0):
 garbage-first heap   total 155648K, used 78873K [0x00000000a0000000, 0x0000000100000000)
  region size 1024K, 5 young (5120K), 5 survivors (5120K)
 Metaspace       used 85840K, capacity 88344K, committed 88656K, reserved 1126400K
  class space    used 11454K, capacity 12391K, committed 12492K, reserved 1048576K
}
Event: 14.959 GC heap before
{Heap before GC invocations=34 (full 0):
 garbage-first heap   total 155648K, used 118809K [0x00000000a0000000, 0x0000000100000000)
  region size 1024K, 44 young (45056K), 5 survivors (5120K)
 Metaspace       used 86471K, capacity 89080K, committed 89296K, reserved 1126400K
  class space    used 11553K, capacity 12543K, committed 12620K, reserved 1048576K
}
Event: 14.968 GC heap after
{Heap after GC invocations=35 (full 0):
 garbage-first heap   total 155648K, used 82672K [0x00000000a0000000, 0x0000000100000000)
  region size 1024K, 6 young (6144K), 6 survivors (6144K)
 Metaspace       used 86471K, capacity 89080K, committed 89296K, reserved 1126400K
  class space    used 11553K, capacity 12543K, committed 12620K, reserved 1048576K
}
Event: 15.424 GC heap before
{Heap before GC invocations=36 (full 0):
 garbage-first heap   total 155648K, used 122608K [0x00000000a0000000, 0x0000000100000000)
  region size 1024K, 45 young (46080K), 6 survivors (6144K)
 Metaspace       used 90081K, capacity 92721K, committed 93008K, reserved 1128448K
  class space    used 12117K, capacity 13126K, committed 13260K, reserved 1048576K
}
Event: 15.430 GC heap after
{Heap after GC invocations=37 (full 0):
 garbage-first heap   total 155648K, used 85482K [0x00000000a0000000, 0x0000000100000000)
  region size 1024K, 3 young (3072K), 3 survivors (3072K)
 Metaspace       used 90081K, capacity 92721K, committed 93008K, reserved 1128448K
  class space    used 12117K, capacity 13126K, committed 13260K, reserved 1048576K
}
Event: 15.876 GC heap before
{Heap before GC invocations=37 (full 0):
 garbage-first heap   total 155648K, used 124394K [0x00000000a0000000, 0x0000000100000000)
  region size 1024K, 41 young (41984K), 3 survivors (3072K)
 Metaspace       used 93553K, capacity 96325K, committed 96464K, reserved 1132544K
  class space    used 12526K, capacity 13609K, committed 13644K, reserved 1048576K
}
Event: 15.883 GC heap after
{Heap after GC invocations=38 (full 0):
 garbage-first heap   total 155648K, used 88502K [0x00000000a0000000, 0x0000000100000000)
  region size 1024K, 6 young (6144K), 6 survivors (6144K)
 Metaspace       used 93553K, capacity 96325K, committed 96464K, reserved 1132544K
  class space    used 12526K, capacity 13609K, committed 13644K, reserved 1048576K
}

