# JRE version: OpenJDK Runtime Environment (11.0.10) (build 11.0.10+0-b96-7249189)
# Java VM: OpenJDK 64-Bit Server VM (11.0.10+0-b96-7249189, mixed mode, tiered, compressed oops, g1 gc, windows-amd64)
Heap:
 garbage-first heap   total 155648K, used 93985K [0x00000000a0000000, 0x0000000100000000)
  region size 1024K, 6 young (6144K), 5 survivors (5120K)
 Metaspace       used 100508K, capacity 103479K, committed 103504K, reserved 1138688K
  class space    used 13442K, capacity 14533K, committed 14540K, reserved 1048576K
GC Heap History (20 events):
Event: 18.699 GC heap before
{Heap before GC invocations=32 (full 0):
 garbage-first heap   total 129024K, used 102246K [0x00000000a0000000, 0x0000000100000000)
  region size 1024K, 32 young (32768K), 4 survivors (4096K)
 Metaspace       used 84603K, capacity 87111K, committed 87248K, reserved 1124352K
  class space    used 11159K, capacity 12072K, committed 12108K, reserved 1048576K
}
Event: 18.706 GC heap after
{Heap after GC invocations=33 (full 0):
 garbage-first heap   total 129024K, used 75267K [0x00000000a0000000, 0x0000000100000000)
  region size 1024K, 4 young (4096K), 4 survivors (4096K)
 Metaspace       used 84603K, capacity 87111K, committed 87248K, reserved 1124352K
  class space    used 11159K, capacity 12072K, committed 12108K, reserved 1048576K
}
Event: 19.121 GC heap before
{Heap before GC invocations=34 (full 0):
 garbage-first heap   total 129024K, used 103939K [0x00000000a0000000, 0x0000000100000000)
  region size 1024K, 32 young (32768K), 4 survivors (4096K)
 Metaspace       used 85148K, capacity 87793K, committed 87888K, reserved 1124352K
  class space    used 11230K, capacity 12170K, committed 12236K, reserved 1048576K
}
Event: 19.124 GC heap after
{Heap after GC invocations=35 (full 0):
 garbage-first heap   total 129024K, used 76841K [0x00000000a0000000, 0x0000000100000000)
  region size 1024K, 4 young (4096K), 4 survivors (4096K)
 Metaspace       used 85148K, capacity 87793K, committed 87888K, reserved 1124352K
  class space    used 11230K, capacity 12170K, committed 12236K, reserved 1048576K
}
Event: 19.445 GC heap before
{Heap before GC invocations=35 (full 0):
 garbage-first heap   total 129024K, used 105513K [0x00000000a0000000, 0x0000000100000000)
  region size 1024K, 32 young (32768K), 4 survivors (4096K)
 Metaspace       used 87156K, capacity 89875K, committed 89936K, reserved 1126400K
  class space    used 11485K, capacity 12458K, committed 12492K, reserved 1048576K
}
Event: 19.451 GC heap after
{Heap after GC invocations=36 (full 0):
 garbage-first heap   total 129024K, used 79180K [0x00000000a0000000, 0x0000000100000000)
  region size 1024K, 4 young (4096K), 4 survivors (4096K)
 Metaspace       used 87156K, capacity 89875K, committed 89936K, reserved 1126400K
  class space    used 11485K, capacity 12458K, committed 12492K, reserved 1048576K
}
Event: 19.934 GC heap before
{Heap before GC invocations=37 (full 0):
 garbage-first heap   total 129024K, used 106828K [0x00000000a0000000, 0x0000000100000000)
  region size 1024K, 31 young (31744K), 4 survivors (4096K)
 Metaspace       used 90243K, capacity 92920K, committed 93136K, reserved 1130496K
  class space    used 12059K, capacity 13043K, committed 13132K, reserved 1048576K
}
Event: 19.938 GC heap after
{Heap after GC invocations=38 (full 0):
 garbage-first heap   total 129024K, used 80845K [0x00000000a0000000, 0x0000000100000000)
  region size 1024K, 2 young (2048K), 2 survivors (2048K)
 Metaspace       used 90243K, capacity 92920K, committed 93136K, reserved 1130496K
  class space    used 12059K, capacity 13043K, committed 13132K, reserved 1048576K
}
Event: 20.137 GC heap before
{Heap before GC invocations=38 (full 0):
 garbage-first heap   total 129024K, used 107469K [0x00000000a0000000, 0x0000000100000000)
  region size 1024K, 28 young (28672K), 2 survivors (2048K)
 Metaspace       used 91671K, capacity 94371K, committed 94544K, reserved 1130496K
  class space    used 12244K, capacity 13244K, committed 13260K, reserved 1048576K
}
Event: 20.141 GC heap after
{Heap after GC invocations=39 (full 0):
 garbage-first heap   total 129024K, used 82349K [0x00000000a0000000, 0x0000000100000000)
  region size 1024K, 4 young (4096K), 4 survivors (4096K)
 Metaspace       used 91671K, capacity 94371K, committed 94544K, reserved 1130496K
  class space    used 12244K, capacity 13244K, committed 13260K, reserved 1048576K
}
Event: 20.321 GC heap before
{Heap before GC invocations=40 (full 0):
 garbage-first heap   total 129024K, used 107949K [0x00000000a0000000, 0x0000000100000000)
  region size 1024K, 29 young (29696K), 4 survivors (4096K)
 Metaspace       used 92032K, capacity 94612K, committed 94928K, reserved 1130496K
  class space    used 12299K, capacity 13280K, committed 13388K, reserved 1048576K
}
Event: 20.325 GC heap after
{Heap after GC invocations=41 (full 0):
 garbage-first heap   total 129024K, used 84986K [0x00000000a0000000, 0x0000000100000000)
  region size 1024K, 4 young (4096K), 4 survivors (4096K)
 Metaspace       used 92032K, capacity 94612K, committed 94928K, reserved 1130496K
  class space    used 12299K, capacity 13280K, committed 13388K, reserved 1048576K
}
Event: 20.553 GC heap before
{Heap before GC invocations=41 (full 0):
 garbage-first heap   total 129024K, used 109562K [0x00000000a0000000, 0x0000000100000000)
  region size 1024K, 28 young (28672K), 4 survivors (4096K)
 Metaspace       used 93466K, capacity 96271K, committed 96464K, reserved 1132544K
  class space    used 12502K, capacity 13543K, committed 13644K, reserved 1048576K
}
Event: 20.560 GC heap after
{Heap after GC invocations=42 (full 0):
 garbage-first heap   total 129024K, used 87720K [0x00000000a0000000, 0x0000000100000000)
  region size 1024K, 3 young (3072K), 3 survivors (3072K)
 Metaspace       used 93466K, capacity 96271K, committed 96464K, reserved 1132544K
  class space    used 12502K, capacity 13543K, committed 13644K, reserved 1048576K
}
Event: 20.782 GC heap before
{Heap before GC invocations=43 (full 0):
 garbage-first heap   total 129024K, used 109224K [0x00000000a0000000, 0x0000000100000000)
  region size 1024K, 24 young (24576K), 3 survivors (3072K)
 Metaspace       used 95554K, capacity 98387K, committed 98640K, reserved 1134592K
  class space    used 12834K, capacity 13901K, committed 14028K, reserved 1048576K
}
Event: 20.786 GC heap after
{Heap after GC invocations=44 (full 0):
 garbage-first heap   total 155648K, used 88445K [0x00000000a0000000, 0x0000000100000000)
  region size 1024K, 1 young (1024K), 1 survivors (1024K)
 Metaspace       used 95554K, capacity 98387K, committed 98640K, reserved 1134592K
  class space    used 12834K, capacity 13901K, committed 14028K, reserved 1048576K
}
Event: 21.683 GC heap before
{Heap before GC invocations=44 (full 0):
 garbage-first heap   total 155648K, used 121213K [0x00000000a0000000, 0x0000000100000000)
  region size 1024K, 33 young (33792K), 1 survivors (1024K)
 Metaspace       used 99071K, capacity 101990K, committed 102096K, reserved 1136640K
  class space    used 13267K, capacity 14342K, committed 14412K, reserved 1048576K
}
Event: 21.686 GC heap after
{Heap after GC invocations=45 (full 0):
 garbage-first heap   total 155648K, used 90567K [0x00000000a0000000, 0x0000000100000000)
  region size 1024K, 3 young (3072K), 3 survivors (3072K)
 Metaspace       used 99071K, capacity 101990K, committed 102096K, reserved 1136640K
  class space    used 13267K, capacity 14342K, committed 14412K, reserved 1048576K
}
Event: 22.631 GC heap before
{Heap before GC invocations=46 (full 0):
 garbage-first heap   total 155648K, used 123335K [0x00000000a0000000, 0x0000000100000000)
  region size 1024K, 35 young (35840K), 3 survivors (3072K)
 Metaspace       used 100477K, capacity 103411K, committed 103504K, reserved 1138688K
  class space    used 13440K, capacity 14533K, committed 14540K, reserved 1048576K
}
Event: 22.637 GC heap after
{Heap after GC invocations=47 (full 0):
 garbage-first heap   total 155648K, used 93985K [0x00000000a0000000, 0x0000000100000000)
  region size 1024K, 5 young (5120K), 5 survivors (5120K)
 Metaspace       used 100477K, capacity 103411K, committed 103504K, reserved 1138688K
  class space    used 13440K, capacity 14533K, committed 14540K, reserved 1048576K
}

