# JRE version: OpenJDK Runtime Environment (11.0.10) (build 11.0.10+0-b96-7249189)
# Java VM: OpenJDK 64-Bit Server VM (11.0.10+0-b96-7249189, mixed mode, tiered, compressed oops, g1 gc, windows-amd64)
Heap:
 garbage-first heap   total 236544K, used 154093K [0x00000000a0000000, 0x0000000100000000)
  region size 1024K, 51 young (52224K), 9 survivors (9216K)
 Metaspace       used 109960K, capacity 113221K, committed 113488K, reserved 1146880K
  class space    used 14217K, capacity 15437K, committed 15564K, reserved 1048576K
GC Heap History (20 events):
Event: 44.969 GC heap before
{Heap before GC invocations=49 (full 0):
 garbage-first heap   total 196608K, used 180261K [0x00000000a0000000, 0x0000000100000000)
  region size 1024K, 9 young (9216K), 1 survivors (1024K)
 Metaspace       used 106022K, capacity 109143K, committed 109264K, reserved 1144832K
  class space    used 13737K, capacity 14877K, committed 14924K, reserved 1048576K
}
Event: 44.974 GC heap after
{Heap after GC invocations=50 (full 0):
 garbage-first heap   total 196608K, used 172141K [0x00000000a0000000, 0x0000000100000000)
  region size 1024K, 1 young (1024K), 1 survivors (1024K)
 Metaspace       used 106022K, capacity 109143K, committed 109264K, reserved 1144832K
  class space    used 13737K, capacity 14877K, committed 14924K, reserved 1048576K
}
Event: 45.060 GC heap before
{Heap before GC invocations=50 (full 0):
 garbage-first heap   total 196608K, used 180333K [0x00000000a0000000, 0x0000000100000000)
  region size 1024K, 9 young (9216K), 1 survivors (1024K)
 Metaspace       used 106022K, capacity 109143K, committed 109264K, reserved 1144832K
  class space    used 13737K, capacity 14877K, committed 14924K, reserved 1048576K
}
Event: 45.062 GC heap after
{Heap after GC invocations=51 (full 0):
 garbage-first heap   total 196608K, used 172144K [0x00000000a0000000, 0x0000000100000000)
  region size 1024K, 1 young (1024K), 1 survivors (1024K)
 Metaspace       used 106022K, capacity 109143K, committed 109264K, reserved 1144832K
  class space    used 13737K, capacity 14877K, committed 14924K, reserved 1048576K
}
Event: 45.123 GC heap before
{Heap before GC invocations=51 (full 0):
 garbage-first heap   total 196608K, used 180336K [0x00000000a0000000, 0x0000000100000000)
  region size 1024K, 9 young (9216K), 1 survivors (1024K)
 Metaspace       used 106022K, capacity 109143K, committed 109264K, reserved 1144832K
  class space    used 13737K, capacity 14877K, committed 14924K, reserved 1048576K
}
Event: 45.126 GC heap after
{Heap after GC invocations=52 (full 0):
 garbage-first heap   total 196608K, used 172139K [0x00000000a0000000, 0x0000000100000000)
  region size 1024K, 1 young (1024K), 1 survivors (1024K)
 Metaspace       used 106022K, capacity 109143K, committed 109264K, reserved 1144832K
  class space    used 13737K, capacity 14877K, committed 14924K, reserved 1048576K
}
Event: 45.225 GC heap before
{Heap before GC invocations=52 (full 0):
 garbage-first heap   total 196608K, used 144491K [0x00000000a0000000, 0x0000000100000000)
  region size 1024K, 9 young (9216K), 1 survivors (1024K)
 Metaspace       used 106022K, capacity 109143K, committed 109264K, reserved 1144832K
  class space    used 13737K, capacity 14877K, committed 14924K, reserved 1048576K
}
Event: 45.227 GC heap after
{Heap after GC invocations=53 (full 0):
 garbage-first heap   total 196608K, used 100534K [0x00000000a0000000, 0x0000000100000000)
  region size 1024K, 2 young (2048K), 2 survivors (2048K)
 Metaspace       used 106022K, capacity 109143K, committed 109264K, reserved 1144832K
  class space    used 13737K, capacity 14877K, committed 14924K, reserved 1048576K
}
Event: 45.602 GC heap before
{Heap before GC invocations=54 (full 0):
 garbage-first heap   total 196608K, used 132278K [0x00000000a0000000, 0x0000000100000000)
  region size 1024K, 33 young (33792K), 2 survivors (2048K)
 Metaspace       used 106026K, capacity 109143K, committed 109264K, reserved 1144832K
  class space    used 13737K, capacity 14877K, committed 14924K, reserved 1048576K
}
Event: 45.606 GC heap after
{Heap after GC invocations=55 (full 0):
 garbage-first heap   total 236544K, used 100687K [0x00000000a0000000, 0x0000000100000000)
  region size 1024K, 1 young (1024K), 1 survivors (1024K)
 Metaspace       used 106026K, capacity 109143K, committed 109264K, reserved 1144832K
  class space    used 13737K, capacity 14877K, committed 14924K, reserved 1048576K
}
Event: 46.277 GC heap before
{Heap before GC invocations=55 (full 0):
 garbage-first heap   total 236544K, used 153935K [0x00000000a0000000, 0x0000000100000000)
  region size 1024K, 51 young (52224K), 1 survivors (1024K)
 Metaspace       used 106608K, capacity 109672K, committed 109904K, reserved 1144832K
  class space    used 13804K, capacity 14930K, committed 15052K, reserved 1048576K
}
Event: 46.280 GC heap after
{Heap after GC invocations=56 (full 0):
 garbage-first heap   total 236544K, used 100949K [0x00000000a0000000, 0x0000000100000000)
  region size 1024K, 2 young (2048K), 2 survivors (2048K)
 Metaspace       used 106608K, capacity 109672K, committed 109904K, reserved 1144832K
  class space    used 13804K, capacity 14930K, committed 15052K, reserved 1048576K
}
Event: 47.242 GC heap before
{Heap before GC invocations=56 (full 0):
 garbage-first heap   total 236544K, used 158293K [0x00000000a0000000, 0x0000000100000000)
  region size 1024K, 57 young (58368K), 2 survivors (2048K)
 Metaspace       used 107792K, capacity 110956K, committed 111056K, reserved 1144832K
  class space    used 13939K, capacity 15128K, committed 15180K, reserved 1048576K
}
Event: 47.247 GC heap after
{Heap after GC invocations=57 (full 0):
 garbage-first heap   total 236544K, used 103428K [0x00000000a0000000, 0x0000000100000000)
  region size 1024K, 4 young (4096K), 4 survivors (4096K)
 Metaspace       used 107792K, capacity 110956K, committed 111056K, reserved 1144832K
  class space    used 13939K, capacity 15128K, committed 15180K, reserved 1048576K
}
Event: 47.711 GC heap before
{Heap before GC invocations=57 (full 0):
 garbage-first heap   total 236544K, used 163844K [0x00000000a0000000, 0x0000000100000000)
  region size 1024K, 63 young (64512K), 4 survivors (4096K)
 Metaspace       used 107878K, capacity 111034K, committed 111312K, reserved 1144832K
  class space    used 13951K, capacity 15133K, committed 15180K, reserved 1048576K
}
Event: 47.715 GC heap after
{Heap after GC invocations=58 (full 0):
 garbage-first heap   total 236544K, used 103290K [0x00000000a0000000, 0x0000000100000000)
  region size 1024K, 4 young (4096K), 4 survivors (4096K)
 Metaspace       used 107878K, capacity 111034K, committed 111312K, reserved 1144832K
  class space    used 13951K, capacity 15133K, committed 15180K, reserved 1048576K
}
Event: 48.858 GC heap before
{Heap before GC invocations=58 (full 0):
 garbage-first heap   total 236544K, used 168826K [0x00000000a0000000, 0x0000000100000000)
  region size 1024K, 63 young (64512K), 4 survivors (4096K)
 Metaspace       used 107957K, capacity 111118K, committed 111312K, reserved 1144832K
  class space    used 13957K, capacity 15138K, committed 15180K, reserved 1048576K
}
Event: 48.877 GC heap after
{Heap after GC invocations=59 (full 0):
 garbage-first heap   total 236544K, used 106410K [0x00000000a0000000, 0x0000000100000000)
  region size 1024K, 3 young (3072K), 3 survivors (3072K)
 Metaspace       used 107957K, capacity 111118K, committed 111312K, reserved 1144832K
  class space    used 13957K, capacity 15138K, committed 15180K, reserved 1048576K
}
Event: 49.239 GC heap before
{Heap before GC invocations=59 (full 0):
 garbage-first heap   total 236544K, used 178090K [0x00000000a0000000, 0x0000000100000000)
  region size 1024K, 72 young (73728K), 3 survivors (3072K)
 Metaspace       used 108218K, capacity 111431K, committed 111696K, reserved 1146880K
  class space    used 13986K, capacity 15177K, committed 15308K, reserved 1048576K
}
Event: 49.271 GC heap after
{Heap after GC invocations=60 (full 0):
 garbage-first heap   total 236544K, used 113133K [0x00000000a0000000, 0x0000000100000000)
  region size 1024K, 9 young (9216K), 9 survivors (9216K)
 Metaspace       used 108218K, capacity 111431K, committed 111696K, reserved 1146880K
  class space    used 13986K, capacity 15177K, committed 15308K, reserved 1048576K
}

